<?xml version="1.0" encoding="UTF-8"?>
<testsuite xmlns:xsi="http://www.w3.org/2001/XMLSchema-instance" xsi:noNamespaceSchemaLocation="https://maven.apache.org/surefire/maven-surefire-plugin/xsd/surefire-test-report-3.0.xsd" version="3.0" name="com.example.productservice.service.ProductServiceTest" time="0.495" tests="3" errors="0" skipped="0" failures="0">
  <properties>
[...]
</properties>
  <testcase name="testSaveProduct" classname="com.example.productservice.service.ProductServiceTest" time="0.455"/>
  <testcase name="testDeleteProduct" classname="com.example.productservice.service.ProductServiceTest" time="0.009"/>
  <testcase name="testGetAllProducts" classname="com.example.productservice.service.ProductServiceTest" time="0.004"/>
</testsuite>